<?xml version="1.0" encoding="UTF-8"?>
<testsuite name="io.khasang.pm.controller.CatControllerIntegrationTest" tests="1" skipped="0" failures="0" errors="0" timestamp="2019-05-30T02:20:50" hostname="wks-132" time="0.182">
  <properties/>
  <testcase name="checkGettingAllCats" classname="io.khasang.pm.controller.CatControllerIntegrationTest" time="0.182"/>
  <system-out><![CDATA[11:20:50.102 [Test worker] DEBUG org.springframework.web.client.RestTemplate - HTTP GET http://localhost:8080/cat/all
11:20:50.133 [Test worker] DEBUG org.springframework.web.client.RestTemplate - Accept=[application/json, application/*+json]
11:20:50.188 [Test worker] DEBUG org.springframework.web.client.RestTemplate - Response 200 OK
11:20:50.194 [Test worker] DEBUG org.springframework.web.client.RestTemplate - Reading to [java.util.List<io.khasang.pm.entity.Cat>]
]]></system-out>
  <system-err><![CDATA[]]></system-err>
</testsuite>
