<?xml version="1.0" encoding="UTF-8"?>
<testsuite name="io.khasang.pm.controller.CatControllerIntegrationTest" tests="1" skipped="0" failures="0" errors="0" timestamp="2019-05-29T13:23:54" hostname="userPK" time="0.851">
  <properties/>
  <testcase name="checkAddCat" classname="io.khasang.pm.controller.CatControllerIntegrationTest" time="0.851"/>
  <system-out><![CDATA[22:23:54.856 [Test worker] DEBUG org.springframework.web.client.RestTemplate - HTTP POST http://localhost:8080/cat/add
22:23:54.950 [Test worker] DEBUG org.springframework.web.client.RestTemplate - Accept=[application/json, application/*+json]
22:23:54.966 [Test worker] DEBUG org.springframework.web.client.RestTemplate - Writing [io.khasang.pm.entity.Cat@7ccc3a05] as "application/json;charset=UTF-8"
22:23:55.090 [Test worker] DEBUG org.springframework.web.client.RestTemplate - Response 200 OK
22:23:55.090 [Test worker] DEBUG org.springframework.web.client.RestTemplate - Reading to [io.khasang.pm.entity.Cat]
22:23:55.122 [Test worker] DEBUG org.springframework.web.client.RestTemplate - HTTP GET http://localhost:8080/cat/get/9
22:23:55.122 [Test worker] DEBUG org.springframework.web.client.RestTemplate - Accept=[application/json, application/*+json]
22:23:55.200 [Test worker] DEBUG org.springframework.web.client.RestTemplate - Response 200 OK
22:23:55.200 [Test worker] DEBUG org.springframework.web.client.RestTemplate - Reading to [io.khasang.pm.entity.Cat]
]]></system-out>
  <system-err><![CDATA[]]></system-err>
</testsuite>
